# JRE version: OpenJDK Runtime Environment (21.0.7) (build 21.0.7+-13880790-b1038.58)
# Java VM: OpenJDK 64-Bit Server VM (21.0.7+-13880790-b1038.58, mixed mode, tiered, compressed oops, compressed class ptrs, g1 gc, windows-amd64)
GC Precious Log:
 CardTable entry size: 512
 Card Set container configuration: InlinePtr #cards 5 size 8 Array Of Cards #cards 12 size 40 Howl #buckets 4 coarsen threshold 1843 Howl Bitmap #cards 512 size 80 coarsen threshold 460 Card regions per heap region 1 cards per card region 2048
 CPUs: 4 total, 4 available
 Memory: 12087M
 Large Page Support: Disabled
 NUMA Support: Disabled
 Compressed Oops: Enabled (32-bit)
 Heap Region Size: 1M
 Heap Min Capacity: 8M
 Heap Initial Capacity: 190M
 Heap Max Capacity: 2G
 Pre-touch: Disabled
 Parallel Workers: 4
 Concurrent Workers: 1
 Concurrent Refinement Workers: 4
 Periodic GC: Disabled
Heap:
 garbage-first heap   total 199680K, used 164352K [0x0000000080000000, 0x0000000100000000)
  region size 1024K, 35 young (35840K), 5 survivors (5120K)
 Metaspace       used 108230K, committed 110464K, reserved 1179648K
  class space    used 14849K, committed 15936K, reserved 1048576K
GC Heap History (20 events):
Event: 32.224 GC heap before
{Heap before GC invocations=38 (full 0):
 garbage-first heap   total 134144K, used 119591K [0x0000000080000000, 0x0000000100000000)
  region size 1024K, 45 young (46080K), 6 survivors (6144K)
 Metaspace       used 89615K, committed 91584K, reserved 1179648K
  class space    used 12265K, committed 13248K, reserved 1048576K
}
Event: 32.232 GC heap after
{Heap after GC invocations=39 (full 0):
 garbage-first heap   total 134144K, used 80890K [0x0000000080000000, 0x0000000100000000)
  region size 1024K, 5 young (5120K), 5 survivors (5120K)
 Metaspace       used 89615K, committed 91584K, reserved 1179648K
  class space    used 12265K, committed 13248K, reserved 1048576K
}
Event: 33.245 GC heap before
{Heap before GC invocations=39 (full 0):
 garbage-first heap   total 134144K, used 119802K [0x0000000080000000, 0x0000000100000000)
  region size 1024K, 43 young (44032K), 5 survivors (5120K)
 Metaspace       used 92930K, committed 95040K, reserved 1179648K
  class space    used 12793K, committed 13824K, reserved 1048576K
}
Event: 33.255 GC heap after
{Heap after GC invocations=40 (full 0):
 garbage-first heap   total 134144K, used 82038K [0x0000000080000000, 0x0000000100000000)
  region size 1024K, 4 young (4096K), 4 survivors (4096K)
 Metaspace       used 92930K, committed 95040K, reserved 1179648K
  class space    used 12793K, committed 13824K, reserved 1048576K
}
Event: 34.722 GC heap before
{Heap before GC invocations=40 (full 0):
 garbage-first heap   total 134144K, used 120950K [0x0000000080000000, 0x0000000100000000)
  region size 1024K, 42 young (43008K), 4 survivors (4096K)
 Metaspace       used 95841K, committed 97984K, reserved 1179648K
  class space    used 13244K, committed 14272K, reserved 1048576K
}
Event: 34.730 GC heap after
{Heap after GC invocations=41 (full 0):
 garbage-first heap   total 134144K, used 84855K [0x0000000080000000, 0x0000000100000000)
  region size 1024K, 5 young (5120K), 5 survivors (5120K)
 Metaspace       used 95841K, committed 97984K, reserved 1179648K
  class space    used 13244K, committed 14272K, reserved 1048576K
}
Event: 35.962 GC heap before
{Heap before GC invocations=42 (full 0):
 garbage-first heap   total 143360K, used 120695K [0x0000000080000000, 0x0000000100000000)
  region size 1024K, 40 young (40960K), 5 survivors (5120K)
 Metaspace       used 98486K, committed 100736K, reserved 1179648K
  class space    used 13691K, committed 14784K, reserved 1048576K
}
Event: 35.970 GC heap after
{Heap after GC invocations=43 (full 0):
 garbage-first heap   total 143360K, used 86376K [0x0000000080000000, 0x0000000100000000)
  region size 1024K, 4 young (4096K), 4 survivors (4096K)
 Metaspace       used 98486K, committed 100736K, reserved 1179648K
  class space    used 13691K, committed 14784K, reserved 1048576K
}
Event: 37.928 GC heap before
{Heap before GC invocations=43 (full 0):
 garbage-first heap   total 143360K, used 131432K [0x0000000080000000, 0x0000000100000000)
  region size 1024K, 48 young (49152K), 4 survivors (4096K)
 Metaspace       used 101823K, committed 103936K, reserved 1179648K
  class space    used 14136K, committed 15168K, reserved 1048576K
}
Event: 37.940 GC heap after
{Heap after GC invocations=44 (full 0):
 garbage-first heap   total 143360K, used 89814K [0x0000000080000000, 0x0000000100000000)
  region size 1024K, 6 young (6144K), 6 survivors (6144K)
 Metaspace       used 101823K, committed 103936K, reserved 1179648K
  class space    used 14136K, committed 15168K, reserved 1048576K
}
Event: 39.697 GC heap before
{Heap before GC invocations=44 (full 0):
 garbage-first heap   total 143360K, used 128726K [0x0000000080000000, 0x0000000100000000)
  region size 1024K, 44 young (45056K), 6 survivors (6144K)
 Metaspace       used 102405K, committed 104576K, reserved 1179648K
  class space    used 14216K, committed 15232K, reserved 1048576K
}
Event: 39.714 GC heap after
{Heap after GC invocations=45 (full 0):
 garbage-first heap   total 143360K, used 96885K [0x0000000080000000, 0x0000000100000000)
  region size 1024K, 6 young (6144K), 6 survivors (6144K)
 Metaspace       used 102405K, committed 104576K, reserved 1179648K
  class space    used 14216K, committed 15232K, reserved 1048576K
}
Event: 40.864 GC heap before
{Heap before GC invocations=46 (full 0):
 garbage-first heap   total 162816K, used 126581K [0x0000000080000000, 0x0000000100000000)
  region size 1024K, 36 young (36864K), 6 survivors (6144K)
 Metaspace       used 104247K, committed 106368K, reserved 1179648K
  class space    used 14522K, committed 15552K, reserved 1048576K
}
Event: 40.878 GC heap after
{Heap after GC invocations=47 (full 0):
 garbage-first heap   total 162816K, used 101129K [0x0000000080000000, 0x0000000100000000)
  region size 1024K, 4 young (4096K), 4 survivors (4096K)
 Metaspace       used 104247K, committed 106368K, reserved 1179648K
  class space    used 14522K, committed 15552K, reserved 1048576K
}
Event: 43.392 GC heap before
{Heap before GC invocations=47 (full 0):
 garbage-first heap   total 162816K, used 152329K [0x0000000080000000, 0x0000000100000000)
  region size 1024K, 50 young (51200K), 4 survivors (4096K)
 Metaspace       used 107350K, committed 109568K, reserved 1179648K
  class space    used 14776K, committed 15872K, reserved 1048576K
}
Event: 43.403 GC heap after
{Heap after GC invocations=48 (full 0):
 garbage-first heap   total 162816K, used 102946K [0x0000000080000000, 0x0000000100000000)
  region size 1024K, 5 young (5120K), 5 survivors (5120K)
 Metaspace       used 107350K, committed 109568K, reserved 1179648K
  class space    used 14776K, committed 15872K, reserved 1048576K
}
Event: 44.028 GC heap before
{Heap before GC invocations=48 (full 0):
 garbage-first heap   total 162816K, used 117282K [0x0000000080000000, 0x0000000100000000)
  region size 1024K, 21 young (21504K), 5 survivors (5120K)
 Metaspace       used 107448K, committed 109696K, reserved 1179648K
  class space    used 14778K, committed 15872K, reserved 1048576K
}
Event: 44.040 GC heap after
{Heap after GC invocations=49 (full 0):
 garbage-first heap   total 162816K, used 110343K [0x0000000080000000, 0x0000000100000000)
  region size 1024K, 7 young (7168K), 7 survivors (7168K)
 Metaspace       used 107448K, committed 109696K, reserved 1179648K
  class space    used 14778K, committed 15872K, reserved 1048576K
}
Event: 45.562 GC heap before
{Heap before GC invocations=50 (full 0):
 garbage-first heap   total 199680K, used 152327K [0x0000000080000000, 0x0000000100000000)
  region size 1024K, 40 young (40960K), 7 survivors (7168K)
 Metaspace       used 107849K, committed 110016K, reserved 1179648K
  class space    used 14819K, committed 15872K, reserved 1048576K
}
Event: 45.596 GC heap after
{Heap after GC invocations=51 (full 0):
 garbage-first heap   total 199680K, used 128512K [0x0000000080000000, 0x0000000100000000)
  region size 1024K, 5 young (5120K), 5 survivors (5120K)
 Metaspace       used 107849K, committed 110016K, reserved 1179648K
  class space    used 14819K, committed 15872K, reserved 1048576K
}

