# JRE version: OpenJDK Runtime Environment (21.0.7) (build 21.0.7+-13880790-b1038.58)
# Java VM: OpenJDK 64-Bit Server VM (21.0.7+-13880790-b1038.58, mixed mode, tiered, compressed oops, compressed class ptrs, g1 gc, windows-amd64)
GC Precious Log:
 CardTable entry size: 512
 Card Set container configuration: InlinePtr #cards 5 size 8 Array Of Cards #cards 12 size 40 Howl #buckets 4 coarsen threshold 1843 Howl Bitmap #cards 512 size 80 coarsen threshold 460 Card regions per heap region 1 cards per card region 2048
 CPUs: 4 total, 4 available
 Memory: 12087M
 Large Page Support: Disabled
 NUMA Support: Disabled
 Compressed Oops: Enabled (32-bit)
 Heap Region Size: 1M
 Heap Min Capacity: 8M
 Heap Initial Capacity: 190M
 Heap Max Capacity: 2G
 Pre-touch: Disabled
 Parallel Workers: 4
 Concurrent Workers: 1
 Concurrent Refinement Workers: 4
 Periodic GC: Disabled
Heap:
 garbage-first heap   total 450560K, used 257333K [0x0000000080000000, 0x0000000100000000)
  region size 1024K, 20 young (20480K), 9 survivors (9216K)
 Metaspace       used 168027K, committed 170432K, reserved 1245184K
  class space    used 22300K, committed 23488K, reserved 1048576K
GC Heap History (20 events):
Event: 53.441 GC heap before
{Heap before GC invocations=66 (full 0):
 garbage-first heap   total 353280K, used 303972K [0x0000000080000000, 0x0000000100000000)
  region size 1024K, 84 young (86016K), 4 survivors (4096K)
 Metaspace       used 134994K, committed 137344K, reserved 1179648K
  class space    used 18391K, committed 19520K, reserved 1048576K
}
Event: 53.467 GC heap after
{Heap after GC invocations=67 (full 0):
 garbage-first heap   total 353280K, used 224453K [0x0000000080000000, 0x0000000100000000)
  region size 1024K, 10 young (10240K), 10 survivors (10240K)
 Metaspace       used 134994K, committed 137344K, reserved 1179648K
  class space    used 18391K, committed 19520K, reserved 1048576K
}
Event: 53.870 GC heap before
{Heap before GC invocations=67 (full 0):
 garbage-first heap   total 353280K, used 236741K [0x0000000080000000, 0x0000000100000000)
  region size 1024K, 24 young (24576K), 10 survivors (10240K)
 Metaspace       used 135138K, committed 137408K, reserved 1179648K
  class space    used 18405K, committed 19520K, reserved 1048576K
}
Event: 53.888 GC heap after
{Heap after GC invocations=68 (full 0):
 garbage-first heap   total 353280K, used 224963K [0x0000000080000000, 0x0000000100000000)
  region size 1024K, 2 young (2048K), 2 survivors (2048K)
 Metaspace       used 135138K, committed 137408K, reserved 1179648K
  class space    used 18405K, committed 19520K, reserved 1048576K
}
Event: 55.563 GC heap before
{Heap before GC invocations=69 (full 0):
 garbage-first heap   total 378880K, used 318147K [0x0000000080000000, 0x0000000100000000)
  region size 1024K, 88 young (90112K), 2 survivors (2048K)
 Metaspace       used 136072K, committed 138368K, reserved 1179648K
  class space    used 18500K, committed 19648K, reserved 1048576K
}
Event: 55.579 GC heap after
{Heap after GC invocations=70 (full 0):
 garbage-first heap   total 378880K, used 236309K [0x0000000080000000, 0x0000000100000000)
  region size 1024K, 7 young (7168K), 7 survivors (7168K)
 Metaspace       used 136072K, committed 138368K, reserved 1179648K
  class space    used 18500K, committed 19648K, reserved 1048576K
}
Event: 57.182 GC heap before
{Heap before GC invocations=70 (full 0):
 garbage-first heap   total 378880K, used 346901K [0x0000000080000000, 0x0000000100000000)
  region size 1024K, 107 young (109568K), 7 survivors (7168K)
 Metaspace       used 143152K, committed 145408K, reserved 1179648K
  class space    used 19454K, committed 20544K, reserved 1048576K
}
Event: 57.211 GC heap after
{Heap after GC invocations=71 (full 0):
 garbage-first heap   total 378880K, used 256512K [0x0000000080000000, 0x0000000100000000)
  region size 1024K, 14 young (14336K), 14 survivors (14336K)
 Metaspace       used 143152K, committed 145408K, reserved 1179648K
  class space    used 19454K, committed 20544K, reserved 1048576K
}
Event: 57.375 GC heap before
{Heap before GC invocations=71 (full 0):
 garbage-first heap   total 378880K, used 264704K [0x0000000080000000, 0x0000000100000000)
  region size 1024K, 23 young (23552K), 14 survivors (14336K)
 Metaspace       used 143684K, committed 146048K, reserved 1179648K
  class space    used 19513K, committed 20672K, reserved 1048576K
}
Event: 57.392 GC heap after
{Heap after GC invocations=72 (full 0):
 garbage-first heap   total 378880K, used 258048K [0x0000000080000000, 0x0000000100000000)
  region size 1024K, 1 young (1024K), 1 survivors (1024K)
 Metaspace       used 143684K, committed 146048K, reserved 1179648K
  class space    used 19513K, committed 20672K, reserved 1048576K
}
Event: 59.077 GC heap before
{Heap before GC invocations=73 (full 0):
 garbage-first heap   total 450560K, used 355328K [0x0000000080000000, 0x0000000100000000)
  region size 1024K, 85 young (87040K), 1 survivors (1024K)
 Metaspace       used 144375K, committed 146752K, reserved 1179648K
  class space    used 19577K, committed 20736K, reserved 1048576K
}
Event: 59.091 GC heap after
{Heap after GC invocations=74 (full 0):
 garbage-first heap   total 450560K, used 278111K [0x0000000080000000, 0x0000000100000000)
  region size 1024K, 9 young (9216K), 9 survivors (9216K)
 Metaspace       used 144375K, committed 146752K, reserved 1179648K
  class space    used 19577K, committed 20736K, reserved 1048576K
}
Event: 62.178 GC heap before
{Heap before GC invocations=74 (full 0):
 garbage-first heap   total 450560K, used 416351K [0x0000000080000000, 0x0000000100000000)
  region size 1024K, 124 young (126976K), 9 survivors (9216K)
 Metaspace       used 158577K, committed 160960K, reserved 1245184K
  class space    used 21215K, committed 22400K, reserved 1048576K
}
Event: 62.195 GC heap after
{Heap after GC invocations=75 (full 0):
 garbage-first heap   total 450560K, used 271545K [0x0000000080000000, 0x0000000100000000)
  region size 1024K, 8 young (8192K), 8 survivors (8192K)
 Metaspace       used 158577K, committed 160960K, reserved 1245184K
  class space    used 21215K, committed 22400K, reserved 1048576K
}
Event: 64.408 GC heap before
{Heap before GC invocations=75 (full 0):
 garbage-first heap   total 450560K, used 400569K [0x0000000080000000, 0x0000000100000000)
  region size 1024K, 133 young (136192K), 8 survivors (8192K)
 Metaspace       used 164427K, committed 166848K, reserved 1245184K
  class space    used 21956K, committed 23168K, reserved 1048576K
}
Event: 64.446 GC heap after
{Heap after GC invocations=76 (full 0):
 garbage-first heap   total 450560K, used 282549K [0x0000000080000000, 0x0000000100000000)
  region size 1024K, 17 young (17408K), 17 survivors (17408K)
 Metaspace       used 164427K, committed 166848K, reserved 1245184K
  class space    used 21956K, committed 23168K, reserved 1048576K
}
Event: 65.325 GC heap before
{Heap before GC invocations=76 (full 0):
 garbage-first heap   total 450560K, used 342965K [0x0000000080000000, 0x0000000100000000)
  region size 1024K, 78 young (79872K), 17 survivors (17408K)
 Metaspace       used 166490K, committed 168896K, reserved 1245184K
  class space    used 22227K, committed 23424K, reserved 1048576K
}
Event: 65.352 GC heap after
{Heap after GC invocations=77 (full 0):
 garbage-first heap   total 450560K, used 288256K [0x0000000080000000, 0x0000000100000000)
  region size 1024K, 5 young (5120K), 5 survivors (5120K)
 Metaspace       used 166490K, committed 168896K, reserved 1245184K
  class space    used 22227K, committed 23424K, reserved 1048576K
}
Event: 68.681 GC heap before
{Heap before GC invocations=78 (full 0):
 garbage-first heap   total 450560K, used 364032K [0x0000000080000000, 0x0000000100000000)
  region size 1024K, 121 young (123904K), 5 survivors (5120K)
 Metaspace       used 167940K, committed 170368K, reserved 1245184K
  class space    used 22280K, committed 23488K, reserved 1048576K
}
Event: 68.694 GC heap after
{Heap after GC invocations=79 (full 0):
 garbage-first heap   total 450560K, used 247093K [0x0000000080000000, 0x0000000100000000)
  region size 1024K, 9 young (9216K), 9 survivors (9216K)
 Metaspace       used 167940K, committed 170368K, reserved 1245184K
  class space    used 22280K, committed 23488K, reserved 1048576K
}

